/*	Created by S+core IDE	*/


INPUT("Debug\hyperscan_startup.o")
INPUT("Debug\main.o")
INPUT("Debug\libgloss.o")
INPUT("Debug\Tile_Types.o")
INPUT("Debug\MovementAction.o")
INPUT("Debug\InputHandlers.o")
INPUT("Debug\Entity.o")
INPUT("Debug\Engine.o")
INPUT("Debug\Action.o")
INPUT("Debug\uart.o")
INPUT("Debug\tv.o")
INPUT("Debug\norflash.o")
INPUT("Debug\sys_isr.o")
INPUT("Debug\sys_irq.o")
INPUT("Debug\i2c.o")
INPUT("Debug\hs_controller.o")
INPUT("Debug\ff.o")
INPUT("Debug\diskio.o")

SECTIONS
{

}

